<?xml version="1.0" encoding="UTF-8"?>
<testng-results ignored="0" total="4" passed="3" failed="1" skipped="0">
  <reporter-output>
  </reporter-output>
  <suite started-at="2024-05-22T20:01:42 IST" name="Suite001" finished-at="2024-05-22T20:04:17 IST" duration-ms="154468">
    <groups>
    </groups>
    <test started-at="2024-05-22T20:01:42 IST" name="Test001_Chrome" finished-at="2024-05-22T20:03:14 IST" duration-ms="91631">
      <class name="test.OrangeLogIn">
        <test-method is-config="true" signature="launchBrowser(java.lang.String)[pri:0, instance:test.OrangeLogIn@4c371370]" started-at="2024-05-22T20:01:42 IST" name="launchBrowser" finished-at="2024-05-22T20:01:45 IST" duration-ms="2644" status="PASS">
          <params>
            <param index="0">
              <value>
                <![CDATA[Chrome]]>
              </value>
            </param>
          </params>
          <reporter-output>
          </reporter-output>
        </test-method> <!-- launchBrowser -->
        <test-method is-config="true" signature="launchaloginPage()[pri:0, instance:test.OrangeLogIn@4c371370]" started-at="2024-05-22T20:01:45 IST" name="launchaloginPage" finished-at="2024-05-22T20:02:48 IST" duration-ms="62740" status="PASS">
          <reporter-output>
          </reporter-output>
        </test-method> <!-- launchaloginPage -->
        <test-method signature="verifyHomePageisVisible()[pri:0, instance:test.OrangeLogIn@4c371370]" started-at="2024-05-22T20:02:48 IST" name="verifyHomePageisVisible" finished-at="2024-05-22T20:02:48 IST" duration-ms="31" status="PASS">
          <reporter-output>
          </reporter-output>
        </test-method> <!-- verifyHomePageisVisible -->
        <test-method is-config="true" signature="afterMethod()[pri:0, instance:test.OrangeLogIn@4c371370]" started-at="2024-05-22T20:02:48 IST" name="afterMethod" finished-at="2024-05-22T20:02:48 IST" duration-ms="0" status="PASS">
          <reporter-output>
          </reporter-output>
        </test-method> <!-- afterMethod -->
        <test-method is-config="true" signature="launchaloginPage()[pri:0, instance:test.OrangeLogIn@4c371370]" started-at="2024-05-22T20:02:48 IST" name="launchaloginPage" finished-at="2024-05-22T20:03:14 IST" duration-ms="25989" status="PASS">
          <reporter-output>
          </reporter-output>
        </test-method> <!-- launchaloginPage -->
        <test-method signature="verifyLoginPageisVisible()[pri:0, instance:test.OrangeLogIn@4c371370]" started-at="2024-05-22T20:03:14 IST" name="verifyLoginPageisVisible" finished-at="2024-05-22T20:03:14 IST" duration-ms="49" status="PASS">
          <reporter-output>
          </reporter-output>
        </test-method> <!-- verifyLoginPageisVisible -->
        <test-method is-config="true" signature="afterClass()[pri:0, instance:test.OrangeLogIn@4c371370]" started-at="2024-05-22T20:03:14 IST" name="afterClass" finished-at="2024-05-22T20:03:14 IST" duration-ms="3" status="PASS">
          <reporter-output>
          </reporter-output>
        </test-method> <!-- afterClass -->
        <test-method is-config="true" signature="afterMethod()[pri:0, instance:test.OrangeLogIn@4c371370]" started-at="2024-05-22T20:03:14 IST" name="afterMethod" finished-at="2024-05-22T20:03:14 IST" duration-ms="0" status="PASS">
          <reporter-output>
          </reporter-output>
        </test-method> <!-- afterMethod -->
        <test-method is-config="true" signature="afterTest()[pri:0, instance:test.OrangeLogIn@4c371370]" started-at="2024-05-22T20:03:14 IST" name="afterTest" finished-at="2024-05-22T20:03:14 IST" duration-ms="129" status="PASS">
          <reporter-output>
          </reporter-output>
        </test-method> <!-- afterTest -->
      </class> <!-- test.OrangeLogIn -->
    </test> <!-- Test001_Chrome -->
    <test started-at="2024-05-22T20:03:14 IST" name="Test001_Firefox" finished-at="2024-05-22T20:04:17 IST" duration-ms="62771">
      <class name="test.OrangeLogIn">
        <test-method is-config="true" signature="launchBrowser(java.lang.String)[pri:0, instance:test.OrangeLogIn@408d971b]" started-at="2024-05-22T20:03:14 IST" name="launchBrowser" finished-at="2024-05-22T20:03:19 IST" duration-ms="4577" status="PASS">
          <params>
            <param index="0">
              <value>
                <![CDATA[Firefox]]>
              </value>
            </param>
          </params>
          <reporter-output>
          </reporter-output>
        </test-method> <!-- launchBrowser -->
        <test-method is-config="true" signature="launchaloginPage()[pri:0, instance:test.OrangeLogIn@408d971b]" started-at="2024-05-22T20:03:19 IST" name="launchaloginPage" finished-at="2024-05-22T20:03:58 IST" duration-ms="39544" status="PASS">
          <reporter-output>
          </reporter-output>
        </test-method> <!-- launchaloginPage -->
        <test-method signature="verifyHomePageisVisible()[pri:0, instance:test.OrangeLogIn@408d971b]" started-at="2024-05-22T20:03:58 IST" name="verifyHomePageisVisible" finished-at="2024-05-22T20:03:58 IST" duration-ms="0" status="PASS">
          <reporter-output>
          </reporter-output>
        </test-method> <!-- verifyHomePageisVisible -->
        <test-method is-config="true" signature="launchaloginPage()[pri:0, instance:test.OrangeLogIn@408d971b]" started-at="2024-05-22T20:03:58 IST" name="launchaloginPage" finished-at="2024-05-22T20:04:16 IST" duration-ms="17387" status="PASS">
          <reporter-output>
          </reporter-output>
        </test-method> <!-- launchaloginPage -->
        <test-method is-config="true" signature="afterMethod()[pri:0, instance:test.OrangeLogIn@408d971b]" started-at="2024-05-22T20:03:58 IST" name="afterMethod" finished-at="2024-05-22T20:03:58 IST" duration-ms="0" status="PASS">
          <reporter-output>
          </reporter-output>
        </test-method> <!-- afterMethod -->
        <test-method signature="verifyLoginPageisVisible()[pri:0, instance:test.OrangeLogIn@408d971b]" started-at="2024-05-22T20:04:16 IST" name="verifyLoginPageisVisible" finished-at="2024-05-22T20:04:16 IST" duration-ms="52" status="FAIL">
          <exception class="java.lang.AssertionError">
            <message>
              <![CDATA[expected [Employee Management] but found []]]>
            </message>
            <full-stacktrace>
              <![CDATA[java.lang.AssertionError: expected [Employee Management] but found []
at org.testng.Assert.fail(Assert.java:111)
at org.testng.Assert.failNotEquals(Assert.java:1578)
at org.testng.Assert.assertEqualsImpl(Assert.java:150)
at org.testng.Assert.assertEquals(Assert.java:132)
at org.testng.Assert.assertEquals(Assert.java:656)
at org.testng.Assert.assertEquals(Assert.java:666)
at test.OrangeLogIn.verifyLoginPageisVisible(OrangeLogIn.java:49)
at java.base/jdk.internal.reflect.DirectMethodHandleAccessor.invoke(DirectMethodHandleAccessor.java:103)
at java.base/java.lang.reflect.Method.invoke(Method.java:580)
at org.testng.internal.invokers.MethodInvocationHelper.invokeMethod(MethodInvocationHelper.java:139)
at org.testng.internal.invokers.TestInvoker.invokeMethod(TestInvoker.java:664)
at org.testng.internal.invokers.TestInvoker.invokeTestMethod(TestInvoker.java:228)
at org.testng.internal.invokers.MethodRunner.runInSequence(MethodRunner.java:63)
at org.testng.internal.invokers.TestInvoker$MethodInvocationAgent.invoke(TestInvoker.java:961)
at org.testng.internal.invokers.TestInvoker.invokeTestMethods(TestInvoker.java:201)
at org.testng.internal.invokers.TestMethodWorker.invokeTestMethods(TestMethodWorker.java:148)
at org.testng.internal.invokers.TestMethodWorker.run(TestMethodWorker.java:128)
at java.base/java.util.ArrayList.forEach(ArrayList.java:1596)
at org.testng.TestRunner.privateRun(TestRunner.java:819)
at org.testng.TestRunner.run(TestRunner.java:619)
at org.testng.SuiteRunner.runTest(SuiteRunner.java:443)
at org.testng.SuiteRunner.runSequentially(SuiteRunner.java:437)
at org.testng.SuiteRunner.privateRun(SuiteRunner.java:397)
at org.testng.SuiteRunner.run(SuiteRunner.java:336)
at org.testng.SuiteRunnerWorker.runSuite(SuiteRunnerWorker.java:52)
at org.testng.SuiteRunnerWorker.run(SuiteRunnerWorker.java:95)
at org.testng.TestNG.runSuitesSequentially(TestNG.java:1301)
at org.testng.TestNG.runSuitesLocally(TestNG.java:1228)
at org.testng.TestNG.runSuites(TestNG.java:1134)
at org.testng.TestNG.run(TestNG.java:1101)
at org.testng.remote.AbstractRemoteTestNG.run(AbstractRemoteTestNG.java:115)
at org.testng.remote.RemoteTestNG.initAndRun(RemoteTestNG.java:293)
at org.testng.remote.RemoteTestNG.main(RemoteTestNG.java:91)
]]>
            </full-stacktrace>
          </exception> <!-- java.lang.AssertionError -->
          <reporter-output>
          </reporter-output>
        </test-method> <!-- verifyLoginPageisVisible -->
        <test-method is-config="true" signature="afterTest()[pri:0, instance:test.OrangeLogIn@408d971b]" started-at="2024-05-22T20:04:16 IST" name="afterTest" finished-at="2024-05-22T20:04:17 IST" duration-ms="1173" status="PASS">
          <reporter-output>
          </reporter-output>
        </test-method> <!-- afterTest -->
        <test-method is-config="true" signature="afterClass()[pri:0, instance:test.OrangeLogIn@408d971b]" started-at="2024-05-22T20:04:16 IST" name="afterClass" finished-at="2024-05-22T20:04:16 IST" duration-ms="0" status="PASS">
          <reporter-output>
          </reporter-output>
        </test-method> <!-- afterClass -->
        <test-method is-config="true" signature="afterMethod()[pri:0, instance:test.OrangeLogIn@408d971b]" started-at="2024-05-22T20:04:16 IST" name="afterMethod" finished-at="2024-05-22T20:04:16 IST" duration-ms="0" status="PASS">
          <reporter-output>
          </reporter-output>
        </test-method> <!-- afterMethod -->
      </class> <!-- test.OrangeLogIn -->
    </test> <!-- Test001_Firefox -->
  </suite> <!-- Suite001 -->
</testng-results>
